This mapping 'snapshot_20171003' was designed for MC 1.12! Use at your own peril.This mapping 'snapshot_20171003' was designed for MC 1.12! Use at your own peril.

:deobfCompileDummyTask
:extractMcpMappings SKIPPED
:deobfProvidedDeobfDepTask0 SKIPPED
:deobfProvidedRemapDepSourcesTask1 SKIPPED
:deobfProvidedDummyTask
:sourceApiJava UP-TO-DATE
:compileApiJava UP-TO-DATE
:processApiResources UP-TO-DATE
:apiClasses UP-TO-DATE
:sourceMainJava UP-TO-DATE
:compileJavaNote: Some input files use or override a deprecated API.
Note: Recompile with -Xlint:deprecation for details.
Note: Some input files use unchecked or unsafe operations.
Note: Recompile with -Xlint:unchecked for details.

:processResources UP-TO-DATE
:classes
:jar
:sourceTestJava UP-TO-DATE
:compileTestJava UP-TO-DATE
:processTestResources UP-TO-DATE
:testClasses UP-TO-DATE
:test UP-TO-DATE
:extractMcpData SKIPPED
:getVersionJson
:extractUserdev UP-TO-DATE
:genSrgs SKIPPED
:reobfJar
:extractAnnotationsJar
:extractRangemapReplacedMain
C:\Users\aa\Desktop\Mystic\build\sources\main\java
:retromapReplacedMain
remapping source...
:sourceJar
:assemble
:check UP-TO-DATE
:build

BUILD SUCCESSFUL

Total time: 7.76 secs
